{"/var/www/resources/js/components/shared/ThemeToggle.tsx": {"path":"/var/www/resources/js/components/shared/ThemeToggle.tsx","statementMap":{"0":{"start":{"line":11,"column":0},"end":{"line":11,"column":16}},"1":{"start":{"line":1,"column":0},"end":{"line":1,"column":50}},"2":{"start":{"line":2,"column":0},"end":{"line":2,"column":48}},"3":{"start":{"line":3,"column":0},"end":{"line":3,"column":null}},"4":{"start":{"line":9,"column":0},"end":{"line":9,"column":53}},"5":{"start":{"line":12,"column":32},"end":{"line":12,"column":47}},"6":{"start":{"line":14,"column":4},"end":{"line":38,"column":6}},"7":{"start":{"line":24,"column":49},"end":{"line":24,"column":66}},"8":{"start":{"line":28,"column":49},"end":{"line":28,"column":65}},"9":{"start":{"line":32,"column":49},"end":{"line":32,"column":67}}},"fnMap":{"0":{"name":"ThemeToggle","decl":{"start":{"line":11,"column":16},"end":{"line":11,"column":27}},"loc":{"start":{"line":11,"column":27},"end":{"line":39,"column":1}}},"1":{"name":"(anonymous_1)","decl":{"start":{"line":24,"column":43},"end":{"line":24,"column":46}},"loc":{"start":{"line":24,"column":49},"end":{"line":24,"column":66}}},"2":{"name":"(anonymous_2)","decl":{"start":{"line":28,"column":43},"end":{"line":28,"column":46}},"loc":{"start":{"line":28,"column":49},"end":{"line":28,"column":65}}},"3":{"name":"(anonymous_3)","decl":{"start":{"line":32,"column":43},"end":{"line":32,"column":46}},"loc":{"start":{"line":32,"column":49},"end":{"line":32,"column":67}}}},"branchMap":{"0":{"loc":{"start":{"line":18,"column":21},"end":{"line":18,"column":68}},"type":"binary-expr","locations":[{"start":{"line":18,"column":21},"end":{"line":18,"column":38}},{"start":{"line":18,"column":42},"end":{"line":18,"column":68}}]},"1":{"loc":{"start":{"line":19,"column":21},"end":{"line":19,"column":68}},"type":"binary-expr","locations":[{"start":{"line":19,"column":21},"end":{"line":19,"column":37}},{"start":{"line":19,"column":41},"end":{"line":19,"column":68}}]},"2":{"loc":{"start":{"line":20,"column":21},"end":{"line":20,"column":73}},"type":"binary-expr","locations":[{"start":{"line":20,"column":21},"end":{"line":20,"column":39}},{"start":{"line":20,"column":43},"end":{"line":20,"column":73}}]}},"s":{"0":3,"1":3,"2":3,"3":3,"4":3,"5":27,"6":27,"7":2,"8":2,"9":1},"f":{"0":27,"1":2,"2":2,"3":1},"b":{"0":[27,2],"1":[27,3],"2":[27,22]}}
,"/var/www/resources/js/components/shared/UserMenu.tsx": {"path":"/var/www/resources/js/components/shared/UserMenu.tsx","statementMap":{"0":{"start":{"line":17,"column":0},"end":{"line":17,"column":16}},"1":{"start":{"line":1,"column":0},"end":{"line":1,"column":52}},"2":{"start":{"line":2,"column":0},"end":{"line":2,"column":47}},"3":{"start":{"line":3,"column":0},"end":{"line":3,"column":44}},"4":{"start":{"line":4,"column":0},"end":{"line":4,"column":null}},"5":{"start":{"line":12,"column":0},"end":{"line":12,"column":64}},"6":{"start":{"line":13,"column":0},"end":{"line":13,"column":48}},"7":{"start":{"line":14,"column":0},"end":{"line":14,"column":28}},"8":{"start":{"line":15,"column":0},"end":{"line":15,"column":51}},"9":{"start":{"line":18,"column":21},"end":{"line":18,"column":34}},"10":{"start":{"line":19,"column":29},"end":{"line":19,"column":43}},"11":{"start":{"line":21,"column":27},"end":{"line":27,"column":6}},"12":{"start":{"line":22,"column":26},"end":{"line":22,"column":50}},"13":{"start":{"line":24,"column":12},"end":{"line":24,"column":21}},"14":{"start":{"line":25,"column":12},"end":{"line":25,"column":50}},"15":{"start":{"line":29,"column":21},"end":{"line":34,"column":29}},"16":{"start":{"line":31,"column":20},"end":{"line":31,"column":24}},"17":{"start":{"line":36,"column":4},"end":{"line":68,"column":6}},"18":{"start":{"line":59,"column":35},"end":{"line":59,"column":58}}},"fnMap":{"0":{"name":"UserMenu","decl":{"start":{"line":17,"column":16},"end":{"line":17,"column":24}},"loc":{"start":{"line":17,"column":24},"end":{"line":69,"column":1}}},"1":{"name":"(anonymous_2)","decl":{"start":{"line":22,"column":20},"end":{"line":22,"column":23}},"loc":{"start":{"line":22,"column":26},"end":{"line":22,"column":50}}},"2":{"name":"(anonymous_3)","decl":{"start":{"line":23,"column":19},"end":{"line":23,"column":22}},"loc":{"start":{"line":23,"column":24},"end":{"line":26,"column":9}}},"3":{"name":"(anonymous_4)","decl":{"start":{"line":31,"column":13},"end":{"line":31,"column":14}},"loc":{"start":{"line":31,"column":20},"end":{"line":31,"column":24}}},"4":{"name":"(anonymous_5)","decl":{"start":{"line":59,"column":29},"end":{"line":59,"column":32}},"loc":{"start":{"line":59,"column":35},"end":{"line":59,"column":58}}}},"branchMap":{"0":{"loc":{"start":{"line":29,"column":21},"end":{"line":34,"column":29}},"type":"binary-expr","locations":[{"start":{"line":29,"column":21},"end":{"line":34,"column":22}},{"start":{"line":34,"column":26},"end":{"line":34,"column":29}}]}},"s":{"0":2,"1":2,"2":2,"3":2,"4":2,"5":2,"6":2,"7":2,"8":2,"9":14,"10":14,"11":14,"12":0,"13":0,"14":0,"15":14,"16":28,"17":14,"18":0},"f":{"0":14,"1":0,"2":0,"3":28,"4":0},"b":{"0":[14,0]}}
,"/var/www/resources/js/components/ui/avatar.tsx": {"path":"/var/www/resources/js/components/ui/avatar.tsx","statementMap":{"0":{"start":{"line":101,"column":2},"end":{"line":101,"column":8}},"1":{"start":{"line":102,"column":2},"end":{"line":102,"column":13}},"2":{"start":{"line":103,"column":2},"end":{"line":103,"column":16}},"3":{"start":{"line":104,"column":2},"end":{"line":104,"column":13}},"4":{"start":{"line":105,"column":2},"end":{"line":105,"column":13}},"5":{"start":{"line":106,"column":2},"end":{"line":106,"column":18}},"6":{"start":{"line":1,"column":0},"end":{"line":1,"column":30}},"7":{"start":{"line":2,"column":0},"end":{"line":2,"column":52}},"8":{"start":{"line":4,"column":0},"end":{"line":4,"column":32}},"9":{"start":{"line":13,"column":2},"end":{"line":23,"column":null}},"10":{"start":{"line":30,"column":2},"end":{"line":36,"column":null}},"11":{"start":{"line":43,"column":2},"end":{"line":52,"column":null}},"12":{"start":{"line":56,"column":2},"end":{"line":68,"column":null}},"13":{"start":{"line":72,"column":2},"end":{"line":81,"column":null}},"14":{"start":{"line":88,"column":2},"end":{"line":97,"column":null}}},"fnMap":{"0":{"name":"Avatar","decl":{"start":{"line":6,"column":9},"end":{"line":6,"column":15}},"loc":{"start":{"line":12,"column":1},"end":{"line":24,"column":1}}},"1":{"name":"AvatarImage","decl":{"start":{"line":26,"column":9},"end":{"line":26,"column":20}},"loc":{"start":{"line":29,"column":53},"end":{"line":37,"column":1}}},"2":{"name":"AvatarFallback","decl":{"start":{"line":39,"column":9},"end":{"line":39,"column":23}},"loc":{"start":{"line":42,"column":56},"end":{"line":53,"column":1}}},"3":{"name":"AvatarBadge","decl":{"start":{"line":55,"column":9},"end":{"line":55,"column":20}},"loc":{"start":{"line":55,"column":74},"end":{"line":69,"column":1}}},"4":{"name":"AvatarGroup","decl":{"start":{"line":71,"column":9},"end":{"line":71,"column":20}},"loc":{"start":{"line":71,"column":73},"end":{"line":82,"column":1}}},"5":{"name":"AvatarGroupCount","decl":{"start":{"line":84,"column":9},"end":{"line":84,"column":25}},"loc":{"start":{"line":87,"column":30},"end":{"line":98,"column":1}}}},"branchMap":{"0":{"loc":{"start":{"line":8,"column":2},"end":{"line":8,"column":18}},"type":"default-arg","locations":[{"start":{"line":8,"column":9},"end":{"line":8,"column":18}}]}},"s":{"0":2,"1":2,"2":2,"3":2,"4":2,"5":2,"6":2,"7":2,"8":2,"9":14,"10":0,"11":14,"12":0,"13":0,"14":0},"f":{"0":14,"1":0,"2":14,"3":0,"4":0,"5":0},"b":{"0":[14]}}
,"/var/www/resources/js/components/ui/button.tsx": {"path":"/var/www/resources/js/components/ui/button.tsx","statementMap":{"0":{"start":{"line":64,"column":9},"end":{"line":64,"column":15}},"1":{"start":{"line":1,"column":0},"end":{"line":1,"column":30}},"2":{"start":{"line":2,"column":0},"end":{"line":2,"column":65}},"3":{"start":{"line":3,"column":0},"end":{"line":3,"column":31}},"4":{"start":{"line":5,"column":0},"end":{"line":5,"column":32}},"5":{"start":{"line":7,"column":23},"end":{"line":38,"column":null}},"6":{"start":{"line":64,"column":17},"end":{"line":64,"column":31}},"7":{"start":{"line":51,"column":15},"end":{"line":51,"column":45}},"8":{"start":{"line":53,"column":2},"end":{"line":61,"column":null}}},"fnMap":{"0":{"name":"Button","decl":{"start":{"line":41,"column":9},"end":{"line":41,"column":15}},"loc":{"start":{"line":50,"column":3},"end":{"line":62,"column":1}}}},"branchMap":{"0":{"loc":{"start":{"line":43,"column":2},"end":{"line":43,"column":21}},"type":"default-arg","locations":[{"start":{"line":43,"column":12},"end":{"line":43,"column":21}}]},"1":{"loc":{"start":{"line":44,"column":2},"end":{"line":44,"column":18}},"type":"default-arg","locations":[{"start":{"line":44,"column":9},"end":{"line":44,"column":18}}]},"2":{"loc":{"start":{"line":45,"column":2},"end":{"line":45,"column":17}},"type":"default-arg","locations":[{"start":{"line":45,"column":12},"end":{"line":45,"column":17}}]},"3":{"loc":{"start":{"line":51,"column":15},"end":{"line":51,"column":45}},"type":"cond-expr","locations":[{"start":{"line":51,"column":25},"end":{"line":51,"column":34}},{"start":{"line":51,"column":37},"end":{"line":51,"column":45}}]}},"s":{"0":5,"1":5,"2":5,"3":5,"4":5,"5":5,"6":5,"7":269,"8":269},"f":{"0":269},"b":{"0":[81],"1":[195],"2":[269],"3":[0,269]}}
,"/var/www/resources/js/components/ui/card.tsx": {"path":"/var/www/resources/js/components/ui/card.tsx","statementMap":{"0":{"start":{"line":85,"column":2},"end":{"line":85,"column":6}},"1":{"start":{"line":86,"column":2},"end":{"line":86,"column":12}},"2":{"start":{"line":87,"column":2},"end":{"line":87,"column":12}},"3":{"start":{"line":88,"column":2},"end":{"line":88,"column":11}},"4":{"start":{"line":89,"column":2},"end":{"line":89,"column":12}},"5":{"start":{"line":90,"column":2},"end":{"line":90,"column":17}},"6":{"start":{"line":91,"column":2},"end":{"line":91,"column":13}},"7":{"start":{"line":1,"column":0},"end":{"line":1,"column":30}},"8":{"start":{"line":3,"column":0},"end":{"line":3,"column":32}},"9":{"start":{"line":6,"column":2},"end":{"line":15,"column":null}},"10":{"start":{"line":19,"column":2},"end":{"line":28,"column":null}},"11":{"start":{"line":32,"column":2},"end":{"line":38,"column":null}},"12":{"start":{"line":42,"column":2},"end":{"line":48,"column":null}},"13":{"start":{"line":52,"column":2},"end":{"line":61,"column":null}},"14":{"start":{"line":65,"column":2},"end":{"line":71,"column":null}},"15":{"start":{"line":75,"column":2},"end":{"line":81,"column":null}}},"fnMap":{"0":{"name":"Card","decl":{"start":{"line":5,"column":9},"end":{"line":5,"column":13}},"loc":{"start":{"line":5,"column":66},"end":{"line":16,"column":1}}},"1":{"name":"CardHeader","decl":{"start":{"line":18,"column":9},"end":{"line":18,"column":19}},"loc":{"start":{"line":18,"column":72},"end":{"line":29,"column":1}}},"2":{"name":"CardTitle","decl":{"start":{"line":31,"column":9},"end":{"line":31,"column":18}},"loc":{"start":{"line":31,"column":71},"end":{"line":39,"column":1}}},"3":{"name":"CardDescription","decl":{"start":{"line":41,"column":9},"end":{"line":41,"column":24}},"loc":{"start":{"line":41,"column":77},"end":{"line":49,"column":1}}},"4":{"name":"CardAction","decl":{"start":{"line":51,"column":9},"end":{"line":51,"column":19}},"loc":{"start":{"line":51,"column":72},"end":{"line":62,"column":1}}},"5":{"name":"CardContent","decl":{"start":{"line":64,"column":9},"end":{"line":64,"column":20}},"loc":{"start":{"line":64,"column":73},"end":{"line":72,"column":1}}},"6":{"name":"CardFooter","decl":{"start":{"line":74,"column":9},"end":{"line":74,"column":19}},"loc":{"start":{"line":74,"column":72},"end":{"line":82,"column":1}}}},"branchMap":{},"s":{"0":1,"1":1,"2":1,"3":1,"4":1,"5":1,"6":1,"7":1,"8":1,"9":12,"10":12,"11":12,"12":12,"13":0,"14":12,"15":0},"f":{"0":12,"1":12,"2":12,"3":12,"4":0,"5":12,"6":0},"b":{}}
,"/var/www/resources/js/components/ui/dropdown-menu.tsx": {"path":"/var/www/resources/js/components/ui/dropdown-menu.tsx","statementMap":{"0":{"start":{"line":242,"column":2},"end":{"line":242,"column":14}},"1":{"start":{"line":243,"column":2},"end":{"line":243,"column":20}},"2":{"start":{"line":244,"column":2},"end":{"line":244,"column":21}},"3":{"start":{"line":245,"column":2},"end":{"line":245,"column":21}},"4":{"start":{"line":246,"column":2},"end":{"line":246,"column":19}},"5":{"start":{"line":247,"column":2},"end":{"line":247,"column":19}},"6":{"start":{"line":248,"column":2},"end":{"line":248,"column":18}},"7":{"start":{"line":249,"column":2},"end":{"line":249,"column":26}},"8":{"start":{"line":250,"column":2},"end":{"line":250,"column":24}},"9":{"start":{"line":251,"column":2},"end":{"line":251,"column":23}},"10":{"start":{"line":252,"column":2},"end":{"line":252,"column":23}},"11":{"start":{"line":253,"column":2},"end":{"line":253,"column":22}},"12":{"start":{"line":254,"column":2},"end":{"line":254,"column":17}},"13":{"start":{"line":255,"column":2},"end":{"line":255,"column":24}},"14":{"start":{"line":256,"column":2},"end":{"line":256,"column":24}},"15":{"start":{"line":3,"column":0},"end":{"line":3,"column":30}},"16":{"start":{"line":4,"column":0},"end":{"line":4,"column":70}},"17":{"start":{"line":5,"column":0},"end":{"line":5,"column":64}},"18":{"start":{"line":7,"column":0},"end":{"line":7,"column":32}},"19":{"start":{"line":12,"column":2},"end":{"line":12,"column":null}},"20":{"start":{"line":18,"column":2},"end":{"line":20,"column":null}},"21":{"start":{"line":26,"column":2},"end":{"line":31,"column":null}},"22":{"start":{"line":39,"column":2},"end":{"line":51,"column":null}},"23":{"start":{"line":57,"column":2},"end":{"line":59,"column":null}},"24":{"start":{"line":71,"column":2},"end":{"line":82,"column":null}},"25":{"start":{"line":91,"column":2},"end":{"line":108,"column":null}},"26":{"start":{"line":114,"column":2},"end":{"line":119,"column":null}},"27":{"start":{"line":127,"column":2},"end":{"line":143,"column":null}},"28":{"start":{"line":153,"column":2},"end":{"line":163,"column":null}},"29":{"start":{"line":170,"column":2},"end":{"line":176,"column":null}},"30":{"start":{"line":183,"column":2},"end":{"line":192,"column":null}},"31":{"start":{"line":198,"column":2},"end":{"line":198,"column":null}},"32":{"start":{"line":209,"column":2},"end":{"line":222,"column":null}},"33":{"start":{"line":229,"column":2},"end":{"line":238,"column":null}}},"fnMap":{"0":{"name":"DropdownMenu","decl":{"start":{"line":9,"column":9},"end":{"line":9,"column":21}},"loc":{"start":{"line":11,"column":58},"end":{"line":13,"column":1}}},"1":{"name":"DropdownMenuPortal","decl":{"start":{"line":15,"column":9},"end":{"line":15,"column":27}},"loc":{"start":{"line":17,"column":60},"end":{"line":21,"column":1}}},"2":{"name":"DropdownMenuTrigger","decl":{"start":{"line":23,"column":9},"end":{"line":23,"column":28}},"loc":{"start":{"line":25,"column":61},"end":{"line":32,"column":1}}},"3":{"name":"DropdownMenuContent","decl":{"start":{"line":34,"column":9},"end":{"line":34,"column":28}},"loc":{"start":{"line":38,"column":61},"end":{"line":52,"column":1}}},"4":{"name":"DropdownMenuGroup","decl":{"start":{"line":54,"column":9},"end":{"line":54,"column":26}},"loc":{"start":{"line":56,"column":59},"end":{"line":60,"column":1}}},"5":{"name":"DropdownMenuItem","decl":{"start":{"line":62,"column":9},"end":{"line":62,"column":25}},"loc":{"start":{"line":70,"column":1},"end":{"line":83,"column":1}}},"6":{"name":"DropdownMenuCheckboxItem","decl":{"start":{"line":85,"column":9},"end":{"line":85,"column":33}},"loc":{"start":{"line":90,"column":66},"end":{"line":109,"column":1}}},"7":{"name":"DropdownMenuRadioGroup","decl":{"start":{"line":111,"column":9},"end":{"line":111,"column":31}},"loc":{"start":{"line":113,"column":64},"end":{"line":120,"column":1}}},"8":{"name":"DropdownMenuRadioItem","decl":{"start":{"line":122,"column":9},"end":{"line":122,"column":30}},"loc":{"start":{"line":126,"column":63},"end":{"line":144,"column":1}}},"9":{"name":"DropdownMenuLabel","decl":{"start":{"line":146,"column":9},"end":{"line":146,"column":26}},"loc":{"start":{"line":152,"column":1},"end":{"line":164,"column":1}}},"10":{"name":"DropdownMenuSeparator","decl":{"start":{"line":166,"column":9},"end":{"line":166,"column":30}},"loc":{"start":{"line":169,"column":63},"end":{"line":177,"column":1}}},"11":{"name":"DropdownMenuShortcut","decl":{"start":{"line":179,"column":9},"end":{"line":179,"column":29}},"loc":{"start":{"line":182,"column":31},"end":{"line":193,"column":1}}},"12":{"name":"DropdownMenuSub","decl":{"start":{"line":195,"column":9},"end":{"line":195,"column":24}},"loc":{"start":{"line":197,"column":57},"end":{"line":199,"column":1}}},"13":{"name":"DropdownMenuSubTrigger","decl":{"start":{"line":201,"column":9},"end":{"line":201,"column":31}},"loc":{"start":{"line":208,"column":1},"end":{"line":223,"column":1}}},"14":{"name":"DropdownMenuSubContent","decl":{"start":{"line":225,"column":9},"end":{"line":225,"column":31}},"loc":{"start":{"line":228,"column":64},"end":{"line":239,"column":1}}}},"branchMap":{"0":{"loc":{"start":{"line":36,"column":2},"end":{"line":36,"column":16}},"type":"default-arg","locations":[{"start":{"line":36,"column":15},"end":{"line":36,"column":16}}]},"1":{"loc":{"start":{"line":65,"column":2},"end":{"line":65,"column":21}},"type":"default-arg","locations":[{"start":{"line":65,"column":12},"end":{"line":65,"column":21}}]}},"s":{"0":3,"1":3,"2":3,"3":3,"4":3,"5":3,"6":3,"7":3,"8":3,"9":3,"10":3,"11":3,"12":3,"13":3,"14":3,"15":3,"16":3,"17":3,"18":3,"19":41,"20":0,"21":41,"22":41,"23":0,"24":37,"25":0,"26":0,"27":0,"28":2,"29":4,"30":0,"31":0,"32":0,"33":0},"f":{"0":41,"1":0,"2":41,"3":41,"4":0,"5":37,"6":0,"7":0,"8":0,"9":2,"10":4,"11":0,"12":0,"13":0,"14":0},"b":{"0":[41],"1":[37]}}
,"/var/www/resources/js/components/ui/form.tsx": {"path":"/var/www/resources/js/components/ui/form.tsx","statementMap":{"0":{"start":{"line":159,"column":2},"end":{"line":159,"column":10}},"1":{"start":{"line":160,"column":2},"end":{"line":160,"column":11}},"2":{"start":{"line":161,"column":2},"end":{"line":161,"column":13}},"3":{"start":{"line":162,"column":2},"end":{"line":162,"column":17}},"4":{"start":{"line":163,"column":2},"end":{"line":163,"column":13}},"5":{"start":{"line":1,"column":0},"end":{"line":1,"column":30}},"6":{"start":{"line":3,"column":0},"end":{"line":3,"column":31}},"7":{"start":{"line":4,"column":0},"end":{"line":4,"column":null}},"8":{"start":{"line":14,"column":0},"end":{"line":14,"column":32}},"9":{"start":{"line":15,"column":0},"end":{"line":15,"column":45}},"10":{"start":{"line":17,"column":13},"end":{"line":17,"column":25}},"11":{"start":{"line":158,"column":2},"end":{"line":158,"column":6}},"12":{"start":{"line":26,"column":25},"end":{"line":27,"column":null}},"13":{"start":{"line":30,"column":18},"end":{"line":41,"column":1}},"14":{"start":{"line":36,"column":2},"end":{"line":40,"column":null}},"15":{"start":{"line":164,"column":2},"end":{"line":164,"column":11}},"16":{"start":{"line":43,"column":21},"end":{"line":64,"column":1}},"17":{"start":{"line":44,"column":23},"end":{"line":44,"column":57}},"18":{"start":{"line":45,"column":22},"end":{"line":45,"column":55}},"19":{"start":{"line":46,"column":28},"end":{"line":46,"column":44}},"20":{"start":{"line":47,"column":20},"end":{"line":47,"column":61}},"21":{"start":{"line":48,"column":21},"end":{"line":48,"column":64}},"22":{"start":{"line":50,"column":2},"end":{"line":52,"column":3}},"23":{"start":{"line":51,"column":4},"end":{"line":51,"column":null}},"24":{"start":{"line":54,"column":17},"end":{"line":54,"column":28}},"25":{"start":{"line":56,"column":2},"end":{"line":63,"column":null}},"26":{"start":{"line":157,"column":2},"end":{"line":157,"column":14}},"27":{"start":{"line":70,"column":24},"end":{"line":71,"column":null}},"28":{"start":{"line":75,"column":13},"end":{"line":75,"column":26}},"29":{"start":{"line":77,"column":2},"end":{"line":85,"column":null}},"30":{"start":{"line":92,"column":32},"end":{"line":92,"column":46}},"31":{"start":{"line":94,"column":2},"end":{"line":102,"column":null}},"32":{"start":{"line":106,"column":66},"end":{"line":106,"column":80}},"33":{"start":{"line":108,"column":2},"end":{"line":120,"column":null}},"34":{"start":{"line":124,"column":32},"end":{"line":124,"column":46}},"35":{"start":{"line":126,"column":2},"end":{"line":133,"column":null}},"36":{"start":{"line":137,"column":35},"end":{"line":137,"column":49}},"37":{"start":{"line":138,"column":15},"end":{"line":138,"column":68}},"38":{"start":{"line":140,"column":2},"end":{"line":142,"column":3}},"39":{"start":{"line":141,"column":4},"end":{"line":141,"column":null}},"40":{"start":{"line":144,"column":2},"end":{"line":153,"column":null}}},"fnMap":{"0":{"name":"(anonymous_9)","decl":{"start":{"line":30,"column":18},"end":{"line":30,"column":null}},"loc":{"start":{"line":35,"column":43},"end":{"line":41,"column":1}}},"1":{"name":"(anonymous_10)","decl":{"start":{"line":43,"column":21},"end":{"line":43,"column":24}},"loc":{"start":{"line":43,"column":26},"end":{"line":64,"column":1}}},"2":{"name":"FormItem","decl":{"start":{"line":74,"column":9},"end":{"line":74,"column":17}},"loc":{"start":{"line":74,"column":70},"end":{"line":86,"column":1}}},"3":{"name":"FormLabel","decl":{"start":{"line":88,"column":9},"end":{"line":88,"column":18}},"loc":{"start":{"line":91,"column":51},"end":{"line":103,"column":1}}},"4":{"name":"FormControl","decl":{"start":{"line":105,"column":9},"end":{"line":105,"column":20}},"loc":{"start":{"line":105,"column":73},"end":{"line":121,"column":1}}},"5":{"name":"FormDescription","decl":{"start":{"line":123,"column":9},"end":{"line":123,"column":24}},"loc":{"start":{"line":123,"column":75},"end":{"line":134,"column":1}}},"6":{"name":"FormMessage","decl":{"start":{"line":136,"column":9},"end":{"line":136,"column":20}},"loc":{"start":{"line":136,"column":71},"end":{"line":154,"column":1}}}},"branchMap":{"0":{"loc":{"start":{"line":50,"column":2},"end":{"line":52,"column":3}},"type":"if","locations":[{"start":{"line":50,"column":2},"end":{"line":52,"column":3}},{"start":{},"end":{}}]},"1":{"loc":{"start":{"line":113,"column":8},"end":{"line":115,"column":51}},"type":"cond-expr","locations":[{"start":{"line":114,"column":12},"end":{"line":114,"column":34}},{"start":{"line":115,"column":12},"end":{"line":115,"column":51}}]},"2":{"loc":{"start":{"line":138,"column":15},"end":{"line":138,"column":68}},"type":"cond-expr","locations":[{"start":{"line":138,"column":23},"end":{"line":138,"column":51}},{"start":{"line":138,"column":54},"end":{"line":138,"column":68}}]},"3":{"loc":{"start":{"line":138,"column":30},"end":{"line":138,"column":50}},"type":"binary-expr","locations":[{"start":{"line":138,"column":30},"end":{"line":138,"column":44}},{"start":{"line":138,"column":48},"end":{"line":138,"column":50}}]},"4":{"loc":{"start":{"line":140,"column":2},"end":{"line":142,"column":3}},"type":"if","locations":[{"start":{"line":140,"column":2},"end":{"line":142,"column":3}},{"start":{},"end":{}}]}},"s":{"0":3,"1":3,"2":3,"3":3,"4":3,"5":3,"6":3,"7":3,"8":3,"9":3,"10":3,"11":3,"12":3,"13":3,"14":240,"15":3,"16":3,"17":2490,"18":2490,"19":2490,"20":2490,"21":2490,"22":2490,"23":0,"24":2490,"25":2490,"26":3,"27":3,"28":759,"29":759,"30":830,"31":830,"32":830,"33":830,"34":0,"35":0,"36":830,"37":830,"38":830,"39":815,"40":15},"f":{"0":240,"1":2490,"2":759,"3":830,"4":830,"5":0,"6":830},"b":{"0":[0,2490],"1":[815,15],"2":[15,815],"3":[15,0],"4":[815,15]}}
,"/var/www/resources/js/components/ui/input.tsx": {"path":"/var/www/resources/js/components/ui/input.tsx","statementMap":{"0":{"start":{"line":21,"column":9},"end":{"line":21,"column":14}},"1":{"start":{"line":1,"column":0},"end":{"line":1,"column":30}},"2":{"start":{"line":3,"column":0},"end":{"line":3,"column":32}},"3":{"start":{"line":6,"column":2},"end":{"line":18,"column":null}}},"fnMap":{"0":{"name":"Input","decl":{"start":{"line":5,"column":9},"end":{"line":5,"column":14}},"loc":{"start":{"line":5,"column":75},"end":{"line":19,"column":1}}}},"branchMap":{},"s":{"0":3,"1":3,"2":3,"3":830},"f":{"0":830},"b":{}}
,"/var/www/resources/js/components/ui/label.tsx": {"path":"/var/www/resources/js/components/ui/label.tsx","statementMap":{"0":{"start":{"line":22,"column":9},"end":{"line":22,"column":14}},"1":{"start":{"line":1,"column":0},"end":{"line":1,"column":30}},"2":{"start":{"line":2,"column":0},"end":{"line":2,"column":50}},"3":{"start":{"line":4,"column":0},"end":{"line":4,"column":32}},"4":{"start":{"line":10,"column":2},"end":{"line":19,"column":null}}},"fnMap":{"0":{"name":"Label","decl":{"start":{"line":6,"column":9},"end":{"line":6,"column":14}},"loc":{"start":{"line":9,"column":51},"end":{"line":20,"column":1}}}},"branchMap":{},"s":{"0":3,"1":3,"2":3,"3":3,"4":830},"f":{"0":830},"b":{}}
,"/var/www/resources/js/components/ui/separator.tsx": {"path":"/var/www/resources/js/components/ui/separator.tsx","statementMap":{"0":{"start":{"line":28,"column":9},"end":{"line":28,"column":18}},"1":{"start":{"line":3,"column":0},"end":{"line":3,"column":30}},"2":{"start":{"line":4,"column":0},"end":{"line":4,"column":58}},"3":{"start":{"line":6,"column":0},"end":{"line":6,"column":32}},"4":{"start":{"line":14,"column":2},"end":{"line":25,"column":null}}},"fnMap":{"0":{"name":"Separator","decl":{"start":{"line":8,"column":9},"end":{"line":8,"column":18}},"loc":{"start":{"line":13,"column":55},"end":{"line":26,"column":1}}}},"branchMap":{"0":{"loc":{"start":{"line":10,"column":2},"end":{"line":10,"column":28}},"type":"default-arg","locations":[{"start":{"line":10,"column":16},"end":{"line":10,"column":28}}]},"1":{"loc":{"start":{"line":11,"column":2},"end":{"line":11,"column":19}},"type":"default-arg","locations":[{"start":{"line":11,"column":15},"end":{"line":11,"column":19}}]}},"s":{"0":2,"1":2,"2":2,"3":2,"4":14},"f":{"0":14},"b":{"0":[0],"1":[14]}}
,"/var/www/resources/js/components/ui/sheet.tsx": {"path":"/var/www/resources/js/components/ui/sheet.tsx","statementMap":{"0":{"start":{"line":133,"column":2},"end":{"line":133,"column":7}},"1":{"start":{"line":134,"column":2},"end":{"line":134,"column":14}},"2":{"start":{"line":135,"column":2},"end":{"line":135,"column":12}},"3":{"start":{"line":136,"column":2},"end":{"line":136,"column":14}},"4":{"start":{"line":137,"column":2},"end":{"line":137,"column":13}},"5":{"start":{"line":138,"column":2},"end":{"line":138,"column":13}},"6":{"start":{"line":139,"column":2},"end":{"line":139,"column":12}},"7":{"start":{"line":140,"column":2},"end":{"line":140,"column":18}},"8":{"start":{"line":1,"column":0},"end":{"line":1,"column":30}},"9":{"start":{"line":2,"column":0},"end":{"line":2,"column":36}},"10":{"start":{"line":3,"column":0},"end":{"line":3,"column":51}},"11":{"start":{"line":5,"column":0},"end":{"line":5,"column":32}},"12":{"start":{"line":8,"column":2},"end":{"line":8,"column":null}},"13":{"start":{"line":14,"column":2},"end":{"line":14,"column":null}},"14":{"start":{"line":20,"column":2},"end":{"line":20,"column":null}},"15":{"start":{"line":26,"column":2},"end":{"line":26,"column":null}},"16":{"start":{"line":33,"column":2},"end":{"line":42,"column":null}},"17":{"start":{"line":55,"column":2},"end":{"line":83,"column":null}},"18":{"start":{"line":87,"column":2},"end":{"line":93,"column":null}},"19":{"start":{"line":97,"column":2},"end":{"line":103,"column":null}},"20":{"start":{"line":110,"column":2},"end":{"line":116,"column":null}},"21":{"start":{"line":123,"column":2},"end":{"line":129,"column":null}}},"fnMap":{"0":{"name":"Sheet","decl":{"start":{"line":7,"column":9},"end":{"line":7,"column":14}},"loc":{"start":{"line":7,"column":77},"end":{"line":9,"column":1}}},"1":{"name":"SheetTrigger","decl":{"start":{"line":11,"column":9},"end":{"line":11,"column":21}},"loc":{"start":{"line":13,"column":54},"end":{"line":15,"column":1}}},"2":{"name":"SheetClose","decl":{"start":{"line":17,"column":9},"end":{"line":17,"column":19}},"loc":{"start":{"line":19,"column":52},"end":{"line":21,"column":1}}},"3":{"name":"SheetPortal","decl":{"start":{"line":23,"column":9},"end":{"line":23,"column":20}},"loc":{"start":{"line":25,"column":53},"end":{"line":27,"column":1}}},"4":{"name":"SheetOverlay","decl":{"start":{"line":29,"column":9},"end":{"line":29,"column":21}},"loc":{"start":{"line":32,"column":54},"end":{"line":43,"column":1}}},"5":{"name":"SheetContent","decl":{"start":{"line":45,"column":9},"end":{"line":45,"column":21}},"loc":{"start":{"line":54,"column":1},"end":{"line":84,"column":1}}},"6":{"name":"SheetHeader","decl":{"start":{"line":86,"column":9},"end":{"line":86,"column":20}},"loc":{"start":{"line":86,"column":73},"end":{"line":94,"column":1}}},"7":{"name":"SheetFooter","decl":{"start":{"line":96,"column":9},"end":{"line":96,"column":20}},"loc":{"start":{"line":96,"column":73},"end":{"line":104,"column":1}}},"8":{"name":"SheetTitle","decl":{"start":{"line":106,"column":9},"end":{"line":106,"column":19}},"loc":{"start":{"line":109,"column":52},"end":{"line":117,"column":1}}},"9":{"name":"SheetDescription","decl":{"start":{"line":119,"column":9},"end":{"line":119,"column":25}},"loc":{"start":{"line":122,"column":58},"end":{"line":130,"column":1}}}},"branchMap":{"0":{"loc":{"start":{"line":48,"column":2},"end":{"line":48,"column":16}},"type":"default-arg","locations":[{"start":{"line":48,"column":9},"end":{"line":48,"column":16}}]},"1":{"loc":{"start":{"line":49,"column":2},"end":{"line":49,"column":24}},"type":"default-arg","locations":[{"start":{"line":49,"column":20},"end":{"line":49,"column":24}}]},"2":{"loc":{"start":{"line":62,"column":10},"end":{"line":63,"column":142}},"type":"binary-expr","locations":[{"start":{"line":62,"column":10},"end":{"line":62,"column":26}},{"start":{"line":63,"column":12},"end":{"line":63,"column":142}}]},"3":{"loc":{"start":{"line":64,"column":10},"end":{"line":65,"column":139}},"type":"binary-expr","locations":[{"start":{"line":64,"column":10},"end":{"line":64,"column":25}},{"start":{"line":65,"column":12},"end":{"line":65,"column":139}}]},"4":{"loc":{"start":{"line":66,"column":10},"end":{"line":67,"column":118}},"type":"binary-expr","locations":[{"start":{"line":66,"column":10},"end":{"line":66,"column":24}},{"start":{"line":67,"column":12},"end":{"line":67,"column":118}}]},"5":{"loc":{"start":{"line":68,"column":10},"end":{"line":69,"column":127}},"type":"binary-expr","locations":[{"start":{"line":68,"column":10},"end":{"line":68,"column":27}},{"start":{"line":69,"column":12},"end":{"line":69,"column":127}}]},"6":{"loc":{"start":{"line":75,"column":9},"end":{"line":79,"column":null}},"type":"binary-expr","locations":[{"start":{"line":75,"column":9},"end":{"line":75,"column":24}},{"start":{"line":76,"column":10},"end":{"line":78,"column":null}}]}},"s":{"0":2,"1":2,"2":2,"3":2,"4":2,"5":2,"6":2,"7":2,"8":2,"9":2,"10":2,"11":2,"12":14,"13":14,"14":0,"15":14,"16":0,"17":14,"18":0,"19":0,"20":0,"21":0},"f":{"0":14,"1":14,"2":0,"3":14,"4":0,"5":14,"6":0,"7":0,"8":0,"9":0},"b":{"0":[0],"1":[14],"2":[14,0],"3":[14,14],"4":[14,0],"5":[14,0],"6":[14,14]}}
,"/var/www/resources/js/layouts/AppLayout.tsx": {"path":"/var/www/resources/js/layouts/AppLayout.tsx","statementMap":{"0":{"start":{"line":73,"column":0},"end":{"line":73,"column":16}},"1":{"start":{"line":1,"column":0},"end":{"line":1,"column":33}},"2":{"start":{"line":2,"column":0},"end":{"line":2,"column":64}},"3":{"start":{"line":3,"column":0},"end":{"line":3,"column":null}},"4":{"start":{"line":11,"column":0},"end":{"line":11,"column":33}},"5":{"start":{"line":12,"column":0},"end":{"line":12,"column":48}},"6":{"start":{"line":13,"column":0},"end":{"line":13,"column":54}},"7":{"start":{"line":14,"column":0},"end":{"line":14,"column":74}},"8":{"start":{"line":15,"column":0},"end":{"line":15,"column":62}},"9":{"start":{"line":16,"column":0},"end":{"line":16,"column":56}},"10":{"start":{"line":24,"column":28},"end":{"line":28,"column":2}},"11":{"start":{"line":31,"column":21},"end":{"line":31,"column":34}},"12":{"start":{"line":33,"column":4},"end":{"line":70,"column":6}},"13":{"start":{"line":42,"column":33},"end":{"line":42,"column":42}},"14":{"start":{"line":44,"column":24},"end":{"line":45,"column":69}},"15":{"start":{"line":47,"column":20},"end":{"line":62,"column":22}},"16":{"start":{"line":74,"column":40},"end":{"line":74,"column":55}},"17":{"start":{"line":76,"column":4},"end":{"line":122,"column":6}},"18":{"start":{"line":95,"column":62},"end":{"line":95,"column":82}}},"fnMap":{"0":{"name":"SidebarContent","decl":{"start":{"line":30,"column":9},"end":{"line":30,"column":23}},"loc":{"start":{"line":30,"column":67},"end":{"line":71,"column":1}}},"1":{"name":"(anonymous_1)","decl":{"start":{"line":41,"column":30},"end":{"line":41,"column":31}},"loc":{"start":{"line":41,"column":39},"end":{"line":63,"column":17}}},"2":{"name":"AppLayout","decl":{"start":{"line":73,"column":16},"end":{"line":73,"column":25}},"loc":{"start":{"line":73,"column":25},"end":{"line":123,"column":1}}},"3":{"name":"(anonymous_3)","decl":{"start":{"line":95,"column":56},"end":{"line":95,"column":59}},"loc":{"start":{"line":95,"column":62},"end":{"line":95,"column":82}}}},"branchMap":{"0":{"loc":{"start":{"line":44,"column":24},"end":{"line":45,"column":69}},"type":"binary-expr","locations":[{"start":{"line":44,"column":24},"end":{"line":44,"column":55}},{"start":{"line":45,"column":24},"end":{"line":45,"column":69}}]},"1":{"loc":{"start":{"line":54,"column":32},"end":{"line":56,"column":106}},"type":"cond-expr","locations":[{"start":{"line":55,"column":38},"end":{"line":55,"column":74}},{"start":{"line":56,"column":38},"end":{"line":56,"column":106}}]},"2":{"loc":{"start":{"line":91,"column":33},"end":{"line":91,"column":100}},"type":"cond-expr","locations":[{"start":{"line":91,"column":46},"end":{"line":91,"column":70}},{"start":{"line":91,"column":73},"end":{"line":91,"column":100}}]}},"s":{"0":2,"1":2,"2":2,"3":2,"4":2,"5":2,"6":2,"7":2,"8":2,"9":2,"10":2,"11":14,"12":14,"13":42,"14":42,"15":42,"16":14,"17":14,"18":0},"f":{"0":14,"1":42,"2":14,"3":0},"b":{"0":[42,28],"1":[14,28],"2":[0,14]}}
,"/var/www/resources/js/layouts/AuthLayout.tsx": {"path":"/var/www/resources/js/layouts/AuthLayout.tsx","statementMap":{"0":{"start":{"line":4,"column":0},"end":{"line":4,"column":16}},"1":{"start":{"line":1,"column":0},"end":{"line":1,"column":42}},"2":{"start":{"line":2,"column":0},"end":{"line":2,"column":45}},"3":{"start":{"line":5,"column":4},"end":{"line":32,"column":6}}},"fnMap":{"0":{"name":"AuthLayout","decl":{"start":{"line":4,"column":16},"end":{"line":4,"column":26}},"loc":{"start":{"line":4,"column":26},"end":{"line":33,"column":1}}}},"branchMap":{},"s":{"0":2,"1":2,"2":2,"3":8},"f":{"0":8},"b":{}}
,"/var/www/resources/js/lib/utils.ts": {"path":"/var/www/resources/js/lib/utils.ts","statementMap":{"0":{"start":{"line":4,"column":0},"end":{"line":4,"column":16}},"1":{"start":{"line":1,"column":0},"end":{"line":1,"column":44}},"2":{"start":{"line":2,"column":0},"end":{"line":2,"column":40}},"3":{"start":{"line":5,"column":2},"end":{"line":5,"column":null}}},"fnMap":{"0":{"name":"cn","decl":{"start":{"line":4,"column":16},"end":{"line":4,"column":18}},"loc":{"start":{"line":4,"column":42},"end":{"line":6,"column":1}}}},"branchMap":{},"s":{"0":6,"1":6,"2":6,"3":3784},"f":{"0":3784},"b":{}}
,"/var/www/resources/js/pages/auth/Login.tsx": {"path":"/var/www/resources/js/pages/auth/Login.tsx","statementMap":{"0":{"start":{"line":31,"column":0},"end":{"line":31,"column":16}},"1":{"start":{"line":1,"column":0},"end":{"line":1,"column":42}},"2":{"start":{"line":2,"column":0},"end":{"line":2,"column":54}},"3":{"start":{"line":3,"column":0},"end":{"line":3,"column":24}},"4":{"start":{"line":4,"column":0},"end":{"line":4,"column":52}},"5":{"start":{"line":5,"column":0},"end":{"line":5,"column":53}},"6":{"start":{"line":6,"column":0},"end":{"line":6,"column":39}},"7":{"start":{"line":7,"column":0},"end":{"line":7,"column":48}},"8":{"start":{"line":8,"column":0},"end":{"line":8,"column":46}},"9":{"start":{"line":9,"column":0},"end":{"line":9,"column":null}},"10":{"start":{"line":17,"column":0},"end":{"line":17,"column":42}},"11":{"start":{"line":18,"column":0},"end":{"line":18,"column":66}},"12":{"start":{"line":20,"column":20},"end":{"line":23,"column":2}},"13":{"start":{"line":32,"column":21},"end":{"line":32,"column":34}},"14":{"start":{"line":33,"column":20},"end":{"line":33,"column":50}},"15":{"start":{"line":33,"column":40},"end":{"line":33,"column":49}},"16":{"start":{"line":35,"column":17},"end":{"line":38,"column":6}},"17":{"start":{"line":40,"column":26},"end":{"line":54,"column":6}},"18":{"start":{"line":42,"column":12},"end":{"line":42,"column":29}},"19":{"start":{"line":43,"column":29},"end":{"line":43,"column":81}},"20":{"start":{"line":44,"column":12},"end":{"line":44,"column":33}},"21":{"start":{"line":47,"column":12},"end":{"line":47,"column":31}},"22":{"start":{"line":48,"column":12},"end":{"line":48,"column":54}},"23":{"start":{"line":51,"column":28},"end":{"line":51,"column":85}},"24":{"start":{"line":52,"column":12},"end":{"line":52,"column":47}},"25":{"start":{"line":57,"column":8},"end":{"line":57,"column":37}},"26":{"start":{"line":60,"column":4},"end":{"line":172,"column":6}},"27":{"start":{"line":75,"column":28},"end":{"line":86,"column":null}},"28":{"start":{"line":95,"column":28},"end":{"line":106,"column":null}}},"fnMap":{"0":{"name":"LoginPage","decl":{"start":{"line":31,"column":16},"end":{"line":31,"column":25}},"loc":{"start":{"line":31,"column":25},"end":{"line":173,"column":1}}},"1":{"name":"(anonymous_10)","decl":{"start":{"line":33,"column":33},"end":{"line":33,"column":34}},"loc":{"start":{"line":33,"column":40},"end":{"line":33,"column":49}}},"2":{"name":"(anonymous_11)","decl":{"start":{"line":41,"column":20},"end":{"line":41,"column":25}},"loc":{"start":{"line":41,"column":54},"end":{"line":45,"column":9}}},"3":{"name":"(anonymous_12)","decl":{"start":{"line":46,"column":19},"end":{"line":46,"column":20}},"loc":{"start":{"line":46,"column":28},"end":{"line":49,"column":9}}},"4":{"name":"(anonymous_13)","decl":{"start":{"line":50,"column":17},"end":{"line":50,"column":18}},"loc":{"start":{"line":50,"column":75},"end":{"line":53,"column":9}}},"5":{"name":"onSubmit","decl":{"start":{"line":56,"column":13},"end":{"line":56,"column":21}},"loc":{"start":{"line":56,"column":45},"end":{"line":58,"column":5}}},"6":{"name":"(anonymous_15)","decl":{"start":{"line":74,"column":32},"end":{"line":74,"column":33}},"loc":{"start":{"line":75,"column":28},"end":{"line":86,"column":null}}},"7":{"name":"(anonymous_16)","decl":{"start":{"line":94,"column":32},"end":{"line":94,"column":33}},"loc":{"start":{"line":95,"column":28},"end":{"line":106,"column":null}}}},"branchMap":{"0":{"loc":{"start":{"line":51,"column":28},"end":{"line":51,"column":85}},"type":"binary-expr","locations":[{"start":{"line":51,"column":28},"end":{"line":51,"column":57}},{"start":{"line":51,"column":61},"end":{"line":51,"column":85}}]},"1":{"loc":{"start":{"line":111,"column":21},"end":{"line":114,"column":null}},"type":"binary-expr","locations":[{"start":{"line":111,"column":21},"end":{"line":111,"column":47}},{"start":{"line":112,"column":24},"end":{"line":113,"column":null}}]},"2":{"loc":{"start":{"line":118,"column":25},"end":{"line":119,"column":null}},"type":"binary-expr","locations":[{"start":{"line":118,"column":25},"end":{"line":118,"column":48}},{"start":{"line":119,"column":28},"end":{"line":119,"column":76}}]}},"s":{"0":2,"1":2,"2":2,"3":2,"4":2,"5":2,"6":2,"7":2,"8":2,"9":2,"10":2,"11":2,"12":2,"13":42,"14":42,"15":132,"16":42,"17":42,"18":5,"19":5,"20":2,"21":2,"22":2,"23":3,"24":3,"25":5,"26":42,"27":155,"28":95},"f":{"0":42,"1":132,"2":5,"3":2,"4":3,"5":5,"6":155,"7":95},"b":{"0":[3,1],"1":[42,3],"2":[42,0]}}
,"/var/www/resources/js/pages/auth/Register.tsx": {"path":"/var/www/resources/js/pages/auth/Register.tsx","statementMap":{"0":{"start":{"line":38,"column":0},"end":{"line":38,"column":16}},"1":{"start":{"line":1,"column":0},"end":{"line":1,"column":42}},"2":{"start":{"line":2,"column":0},"end":{"line":2,"column":54}},"3":{"start":{"line":3,"column":0},"end":{"line":3,"column":24}},"4":{"start":{"line":4,"column":0},"end":{"line":4,"column":52}},"5":{"start":{"line":5,"column":0},"end":{"line":5,"column":53}},"6":{"start":{"line":6,"column":0},"end":{"line":6,"column":39}},"7":{"start":{"line":7,"column":0},"end":{"line":7,"column":48}},"8":{"start":{"line":8,"column":0},"end":{"line":8,"column":46}},"9":{"start":{"line":9,"column":0},"end":{"line":9,"column":null}},"10":{"start":{"line":17,"column":0},"end":{"line":17,"column":42}},"11":{"start":{"line":18,"column":0},"end":{"line":18,"column":66}},"12":{"start":{"line":20,"column":23},"end":{"line":30,"column":6}},"13":{"start":{"line":27,"column":22},"end":{"line":27,"column":66}},"14":{"start":{"line":39,"column":21},"end":{"line":39,"column":34}},"15":{"start":{"line":40,"column":20},"end":{"line":40,"column":50}},"16":{"start":{"line":40,"column":40},"end":{"line":40,"column":49}},"17":{"start":{"line":42,"column":17},"end":{"line":45,"column":6}},"18":{"start":{"line":47,"column":29},"end":{"line":72,"column":6}},"19":{"start":{"line":49,"column":12},"end":{"line":49,"column":29}},"20":{"start":{"line":50,"column":29},"end":{"line":50,"column":87}},"21":{"start":{"line":51,"column":12},"end":{"line":51,"column":33}},"22":{"start":{"line":54,"column":12},"end":{"line":54,"column":31}},"23":{"start":{"line":55,"column":12},"end":{"line":55,"column":54}},"24":{"start":{"line":58,"column":33},"end":{"line":58,"column":53}},"25":{"start":{"line":60,"column":12},"end":{"line":70,"column":13}},"26":{"start":{"line":61,"column":16},"end":{"line":65,"column":19}},"27":{"start":{"line":62,"column":20},"end":{"line":64,"column":23}},"28":{"start":{"line":67,"column":16},"end":{"line":69,"column":19}},"29":{"start":{"line":75,"column":8},"end":{"line":75,"column":40}},"30":{"start":{"line":78,"column":4},"end":{"line":190,"column":6}},"31":{"start":{"line":93,"column":28},"end":{"line":103,"column":null}},"32":{"start":{"line":112,"column":28},"end":{"line":123,"column":null}},"33":{"start":{"line":132,"column":28},"end":{"line":143,"column":null}},"34":{"start":{"line":152,"column":28},"end":{"line":163,"column":null}}},"fnMap":{"0":{"name":"(anonymous_9)","decl":{"start":{"line":27,"column":12},"end":{"line":27,"column":13}},"loc":{"start":{"line":27,"column":22},"end":{"line":27,"column":66}}},"1":{"name":"RegisterPage","decl":{"start":{"line":38,"column":16},"end":{"line":38,"column":28}},"loc":{"start":{"line":38,"column":28},"end":{"line":191,"column":1}}},"2":{"name":"(anonymous_11)","decl":{"start":{"line":40,"column":33},"end":{"line":40,"column":34}},"loc":{"start":{"line":40,"column":40},"end":{"line":40,"column":49}}},"3":{"name":"(anonymous_12)","decl":{"start":{"line":48,"column":20},"end":{"line":48,"column":25}},"loc":{"start":{"line":48,"column":57},"end":{"line":52,"column":9}}},"4":{"name":"(anonymous_13)","decl":{"start":{"line":53,"column":19},"end":{"line":53,"column":20}},"loc":{"start":{"line":53,"column":28},"end":{"line":56,"column":9}}},"5":{"name":"(anonymous_14)","decl":{"start":{"line":57,"column":17},"end":{"line":57,"column":18}},"loc":{"start":{"line":57,"column":110},"end":{"line":71,"column":9}}},"6":{"name":"(anonymous_15)","decl":{"start":{"line":61,"column":60},"end":{"line":61,"column":61}},"loc":{"start":{"line":61,"column":82},"end":{"line":65,"column":17}}},"7":{"name":"onSubmit","decl":{"start":{"line":74,"column":13},"end":{"line":74,"column":21}},"loc":{"start":{"line":74,"column":48},"end":{"line":76,"column":5}}},"8":{"name":"(anonymous_17)","decl":{"start":{"line":92,"column":32},"end":{"line":92,"column":33}},"loc":{"start":{"line":93,"column":28},"end":{"line":103,"column":null}}},"9":{"name":"(anonymous_18)","decl":{"start":{"line":111,"column":32},"end":{"line":111,"column":33}},"loc":{"start":{"line":112,"column":28},"end":{"line":123,"column":null}}},"10":{"name":"(anonymous_19)","decl":{"start":{"line":131,"column":32},"end":{"line":131,"column":33}},"loc":{"start":{"line":132,"column":28},"end":{"line":143,"column":null}}},"11":{"name":"(anonymous_20)","decl":{"start":{"line":151,"column":32},"end":{"line":151,"column":33}},"loc":{"start":{"line":152,"column":28},"end":{"line":163,"column":null}}}},"branchMap":{"0":{"loc":{"start":{"line":60,"column":12},"end":{"line":70,"column":13}},"type":"if","locations":[{"start":{"line":60,"column":12},"end":{"line":70,"column":13}},{"start":{"line":66,"column":19},"end":{"line":70,"column":13}}]},"1":{"loc":{"start":{"line":68,"column":29},"end":{"line":68,"column":93}},"type":"binary-expr","locations":[{"start":{"line":68,"column":29},"end":{"line":68,"column":50}},{"start":{"line":68,"column":54},"end":{"line":68,"column":93}}]},"2":{"loc":{"start":{"line":168,"column":21},"end":{"line":171,"column":null}},"type":"binary-expr","locations":[{"start":{"line":168,"column":21},"end":{"line":168,"column":47}},{"start":{"line":169,"column":24},"end":{"line":170,"column":null}}]},"3":{"loc":{"start":{"line":175,"column":25},"end":{"line":176,"column":null}},"type":"binary-expr","locations":[{"start":{"line":175,"column":25},"end":{"line":175,"column":51}},{"start":{"line":176,"column":28},"end":{"line":176,"column":76}}]}},"s":{"0":2,"1":2,"2":2,"3":2,"4":2,"5":2,"6":2,"7":2,"8":2,"9":2,"10":2,"11":2,"12":2,"13":9,"14":39,"15":39,"16":121,"17":39,"18":39,"19":5,"20":5,"21":2,"22":2,"23":2,"24":3,"25":3,"26":1,"27":1,"28":2,"29":5,"30":39,"31":149,"32":182,"33":121,"34":122},"f":{"0":9,"1":39,"2":121,"3":5,"4":2,"5":3,"6":1,"7":5,"8":149,"9":182,"10":121,"11":122},"b":{"0":[1,2],"1":[2,0],"2":[39,2],"3":[39,0]}}
,"/var/www/resources/js/pages/dashboard/Dashboard.tsx": {"path":"/var/www/resources/js/pages/dashboard/Dashboard.tsx","statementMap":{"0":{"start":{"line":33,"column":0},"end":{"line":33,"column":16}},"1":{"start":{"line":1,"column":0},"end":{"line":1,"column":57}},"2":{"start":{"line":2,"column":0},"end":{"line":2,"column":97}},"3":{"start":{"line":3,"column":0},"end":{"line":3,"column":51}},"4":{"start":{"line":12,"column":26},"end":{"line":31,"column":2}},"5":{"start":{"line":34,"column":17},"end":{"line":34,"column":44}},"6":{"start":{"line":34,"column":37},"end":{"line":34,"column":43}},"7":{"start":{"line":36,"column":4},"end":{"line":67,"column":6}},"8":{"start":{"line":49,"column":33},"end":{"line":49,"column":42}},"9":{"start":{"line":50,"column":20},"end":{"line":63,"column":22}}},"fnMap":{"0":{"name":"DashboardPage","decl":{"start":{"line":33,"column":16},"end":{"line":33,"column":29}},"loc":{"start":{"line":33,"column":29},"end":{"line":68,"column":1}}},"1":{"name":"(anonymous_1)","decl":{"start":{"line":34,"column":30},"end":{"line":34,"column":31}},"loc":{"start":{"line":34,"column":37},"end":{"line":34,"column":43}}},"2":{"name":"(anonymous_2)","decl":{"start":{"line":48,"column":27},"end":{"line":48,"column":28}},"loc":{"start":{"line":48,"column":36},"end":{"line":64,"column":17}}}},"branchMap":{"0":{"loc":{"start":{"line":40,"column":26},"end":{"line":40,"column":64}},"type":"binary-expr","locations":[{"start":{"line":40,"column":26},"end":{"line":40,"column":51}},{"start":{"line":40,"column":55},"end":{"line":40,"column":64}}]}},"s":{"0":1,"1":1,"2":1,"3":1,"4":1,"5":4,"6":14,"7":4,"8":12,"9":12},"f":{"0":4,"1":14,"2":12},"b":{"0":[4,0]}}
,"/var/www/resources/js/router/index.tsx": {"path":"/var/www/resources/js/router/index.tsx","statementMap":{"0":{"start":{"line":20,"column":0},"end":{"line":20,"column":16}},"1":{"start":{"line":1,"column":0},"end":{"line":1,"column":74}},"2":{"start":{"line":2,"column":0},"end":{"line":2,"column":51}},"3":{"start":{"line":3,"column":0},"end":{"line":3,"column":50}},"4":{"start":{"line":4,"column":0},"end":{"line":4,"column":48}},"5":{"start":{"line":5,"column":0},"end":{"line":5,"column":47}},"6":{"start":{"line":6,"column":0},"end":{"line":6,"column":53}},"7":{"start":{"line":7,"column":0},"end":{"line":7,"column":60}},"8":{"start":{"line":11,"column":28},"end":{"line":11,"column":66}},"9":{"start":{"line":11,"column":48},"end":{"line":11,"column":65}},"10":{"start":{"line":12,"column":4},"end":{"line":12,"column":80}},"11":{"start":{"line":16,"column":28},"end":{"line":16,"column":66}},"12":{"start":{"line":16,"column":48},"end":{"line":16,"column":65}},"13":{"start":{"line":17,"column":4},"end":{"line":17,"column":84}},"14":{"start":{"line":21,"column":4},"end":{"line":54,"column":6}}},"fnMap":{"0":{"name":"PrivateRoute","decl":{"start":{"line":10,"column":9},"end":{"line":10,"column":21}},"loc":{"start":{"line":10,"column":59},"end":{"line":13,"column":1}}},"1":{"name":"(anonymous_1)","decl":{"start":{"line":11,"column":41},"end":{"line":11,"column":42}},"loc":{"start":{"line":11,"column":48},"end":{"line":11,"column":65}}},"2":{"name":"PublicRoute","decl":{"start":{"line":15,"column":9},"end":{"line":15,"column":20}},"loc":{"start":{"line":15,"column":58},"end":{"line":18,"column":1}}},"3":{"name":"(anonymous_3)","decl":{"start":{"line":16,"column":41},"end":{"line":16,"column":42}},"loc":{"start":{"line":16,"column":48},"end":{"line":16,"column":65}}},"4":{"name":"AppRouter","decl":{"start":{"line":20,"column":16},"end":{"line":20,"column":25}},"loc":{"start":{"line":20,"column":25},"end":{"line":55,"column":1}}}},"branchMap":{"0":{"loc":{"start":{"line":12,"column":11},"end":{"line":12,"column":79}},"type":"cond-expr","locations":[{"start":{"line":12,"column":29},"end":{"line":12,"column":44}},{"start":{"line":12,"column":47},"end":{"line":12,"column":79}}]},"1":{"loc":{"start":{"line":17,"column":11},"end":{"line":17,"column":83}},"type":"cond-expr","locations":[{"start":{"line":17,"column":29},"end":{"line":17,"column":65}},{"start":{"line":17,"column":68},"end":{"line":17,"column":83}}]}},"s":{"0":1,"1":1,"2":1,"3":1,"4":1,"5":1,"6":1,"7":1,"8":6,"9":21,"10":6,"11":6,"12":20,"13":6,"14":8},"f":{"0":6,"1":21,"2":6,"3":20,"4":8},"b":{"0":[4,2],"1":[2,4]}}
,"/var/www/resources/js/stores/auth.store.ts": {"path":"/var/www/resources/js/stores/auth.store.ts","statementMap":{"0":{"start":{"line":1,"column":0},"end":{"line":1,"column":33}},"1":{"start":{"line":2,"column":0},"end":{"line":2,"column":45}},"2":{"start":{"line":17,"column":13},"end":{"line":30,"column":2}},"3":{"start":{"line":19,"column":18},"end":{"line":24,"column":10}},"4":{"start":{"line":22,"column":31},"end":{"line":22,"column":76}},"5":{"start":{"line":23,"column":26},"end":{"line":23,"column":69}},"6":{"start":{"line":27,"column":36},"end":{"line":27,"column":96}}},"fnMap":{"0":{"name":"(anonymous_0)","decl":{"start":{"line":19,"column":8},"end":{"line":19,"column":9}},"loc":{"start":{"line":19,"column":18},"end":{"line":24,"column":10}}},"1":{"name":"(anonymous_1)","decl":{"start":{"line":22,"column":21},"end":{"line":22,"column":22}},"loc":{"start":{"line":22,"column":31},"end":{"line":22,"column":76}}},"2":{"name":"(anonymous_2)","decl":{"start":{"line":23,"column":20},"end":{"line":23,"column":23}},"loc":{"start":{"line":23,"column":26},"end":{"line":23,"column":69}}},"3":{"name":"(anonymous_3)","decl":{"start":{"line":27,"column":24},"end":{"line":27,"column":25}},"loc":{"start":{"line":27,"column":36},"end":{"line":27,"column":96}}}},"branchMap":{},"s":{"0":5,"1":5,"2":5,"3":5,"4":10,"5":3,"6":67},"f":{"0":5,"1":10,"2":3,"3":67},"b":{}}
,"/var/www/resources/js/stores/theme.store.ts": {"path":"/var/www/resources/js/stores/theme.store.ts","statementMap":{"0":{"start":{"line":33,"column":9},"end":{"line":33,"column":19}},"1":{"start":{"line":1,"column":0},"end":{"line":1,"column":33}},"2":{"start":{"line":2,"column":0},"end":{"line":2,"column":45}},"3":{"start":{"line":12,"column":17},"end":{"line":12,"column":41}},"4":{"start":{"line":13,"column":24},"end":{"line":13,"column":81}},"5":{"start":{"line":14,"column":19},"end":{"line":14,"column":74}},"6":{"start":{"line":16,"column":4},"end":{"line":16,"column":43}},"7":{"start":{"line":17,"column":4},"end":{"line":17,"column":50}},"8":{"start":{"line":20,"column":13},"end":{"line":31,"column":2}},"9":{"start":{"line":22,"column":18},"end":{"line":28,"column":10}},"10":{"start":{"line":25,"column":16},"end":{"line":25,"column":34}},"11":{"start":{"line":26,"column":16},"end":{"line":26,"column":31}}},"fnMap":{"0":{"name":"applyTheme","decl":{"start":{"line":11,"column":9},"end":{"line":11,"column":19}},"loc":{"start":{"line":11,"column":32},"end":{"line":18,"column":1}}},"1":{"name":"(anonymous_1)","decl":{"start":{"line":22,"column":8},"end":{"line":22,"column":9}},"loc":{"start":{"line":22,"column":18},"end":{"line":28,"column":10}}},"2":{"name":"(anonymous_2)","decl":{"start":{"line":24,"column":22},"end":{"line":24,"column":23}},"loc":{"start":{"line":24,"column":32},"end":{"line":27,"column":13}}}},"branchMap":{"0":{"loc":{"start":{"line":14,"column":19},"end":{"line":14,"column":74}},"type":"binary-expr","locations":[{"start":{"line":14,"column":19},"end":{"line":14,"column":35}},{"start":{"line":14,"column":40},"end":{"line":14,"column":58}},{"start":{"line":14,"column":62},"end":{"line":14,"column":73}}]},"1":{"loc":{"start":{"line":17,"column":23},"end":{"line":17,"column":48}},"type":"cond-expr","locations":[{"start":{"line":17,"column":32},"end":{"line":17,"column":38}},{"start":{"line":17,"column":41},"end":{"line":17,"column":48}}]}},"s":{"0":4,"1":4,"2":4,"3":15,"4":15,"5":15,"6":15,"7":15,"8":4,"9":4,"10":9,"11":9},"f":{"0":15,"1":4,"2":9},"b":{"0":[15,10,4],"1":[6,9]}}
,"/var/www/resources/js/tests/helpers/renderWithProviders.tsx": {"path":"/var/www/resources/js/tests/helpers/renderWithProviders.tsx","statementMap":{"0":{"start":{"line":10,"column":0},"end":{"line":10,"column":16}},"1":{"start":{"line":19,"column":0},"end":{"line":19,"column":16}},"2":{"start":{"line":2,"column":0},"end":{"line":2,"column":68}},"3":{"start":{"line":3,"column":0},"end":{"line":3,"column":73}},"4":{"start":{"line":4,"column":0},"end":{"line":4,"column":72}},"5":{"start":{"line":11,"column":4},"end":{"line":16,"column":7}},"6":{"start":{"line":23,"column":24},"end":{"line":23,"column":47}},"7":{"start":{"line":26,"column":8},"end":{"line":30,"column":10}},"8":{"start":{"line":33,"column":4},"end":{"line":33,"column":82}}},"fnMap":{"0":{"name":"createTestQueryClient","decl":{"start":{"line":10,"column":16},"end":{"line":10,"column":37}},"loc":{"start":{"line":10,"column":37},"end":{"line":17,"column":1}}},"1":{"name":"renderWithProviders","decl":{"start":{"line":19,"column":16},"end":{"line":19,"column":35}},"loc":{"start":{"line":21,"column":70},"end":{"line":34,"column":1}}},"2":{"name":"Wrapper","decl":{"start":{"line":25,"column":13},"end":{"line":25,"column":20}},"loc":{"start":{"line":25,"column":58},"end":{"line":31,"column":5}}}},"branchMap":{"0":{"loc":{"start":{"line":21,"column":4},"end":{"line":21,"column":70}},"type":"default-arg","locations":[{"start":{"line":21,"column":68},"end":{"line":21,"column":70}}]}},"s":{"0":3,"1":3,"2":3,"3":3,"4":3,"5":34,"6":34,"7":34,"8":34},"f":{"0":34,"1":34,"2":34},"b":{"0":[34]}}
}
