TN:
SF:resources/js/components/shared/ThemeToggle.tsx
FN:11,ThemeToggle
FN:24,(anonymous_1)
FN:28,(anonymous_2)
FN:32,(anonymous_3)
FNF:4
FNH:4
FNDA:27,ThemeToggle
FNDA:2,(anonymous_1)
FNDA:2,(anonymous_2)
FNDA:1,(anonymous_3)
DA:1,3
DA:2,3
DA:3,3
DA:9,3
DA:11,3
DA:12,27
DA:14,27
DA:24,2
DA:28,2
DA:32,1
LF:10
LH:10
BRDA:18,0,0,27
BRDA:18,0,1,2
BRDA:19,1,0,27
BRDA:19,1,1,3
BRDA:20,2,0,27
BRDA:20,2,1,22
BRF:6
BRH:6
end_of_record
TN:
SF:resources/js/components/shared/UserMenu.tsx
FN:17,UserMenu
FN:22,(anonymous_2)
FN:23,(anonymous_3)
FN:31,(anonymous_4)
FN:59,(anonymous_5)
FNF:5
FNH:2
FNDA:14,UserMenu
FNDA:0,(anonymous_2)
FNDA:0,(anonymous_3)
FNDA:28,(anonymous_4)
FNDA:0,(anonymous_5)
DA:1,2
DA:2,2
DA:3,2
DA:4,2
DA:12,2
DA:13,2
DA:14,2
DA:15,2
DA:17,2
DA:18,14
DA:19,14
DA:21,14
DA:22,0
DA:24,0
DA:25,0
DA:29,14
DA:31,28
DA:36,14
DA:59,0
LF:19
LH:15
BRDA:29,0,0,14
BRDA:29,0,1,0
BRF:2
BRH:1
end_of_record
TN:
SF:resources/js/components/ui/avatar.tsx
FN:6,Avatar
FN:26,AvatarImage
FN:39,AvatarFallback
FN:55,AvatarBadge
FN:71,AvatarGroup
FN:84,AvatarGroupCount
FNF:6
FNH:2
FNDA:14,Avatar
FNDA:0,AvatarImage
FNDA:14,AvatarFallback
FNDA:0,AvatarBadge
FNDA:0,AvatarGroup
FNDA:0,AvatarGroupCount
DA:1,2
DA:2,2
DA:4,2
DA:13,14
DA:30,0
DA:43,14
DA:56,0
DA:72,0
DA:88,0
DA:101,2
DA:102,2
DA:103,2
DA:104,2
DA:105,2
DA:106,2
LF:15
LH:11
BRDA:8,0,0,14
BRF:1
BRH:1
end_of_record
TN:
SF:resources/js/components/ui/button.tsx
FN:41,Button
FNF:1
FNH:1
FNDA:269,Button
DA:1,5
DA:2,5
DA:3,5
DA:5,5
DA:7,5
DA:51,269
DA:53,269
DA:64,5
LF:8
LH:8
BRDA:43,0,0,81
BRDA:44,1,0,195
BRDA:45,2,0,269
BRDA:51,3,0,0
BRDA:51,3,1,269
BRF:5
BRH:4
end_of_record
TN:
SF:resources/js/components/ui/card.tsx
FN:5,Card
FN:18,CardHeader
FN:31,CardTitle
FN:41,CardDescription
FN:51,CardAction
FN:64,CardContent
FN:74,CardFooter
FNF:7
FNH:5
FNDA:12,Card
FNDA:12,CardHeader
FNDA:12,CardTitle
FNDA:12,CardDescription
FNDA:0,CardAction
FNDA:12,CardContent
FNDA:0,CardFooter
DA:1,1
DA:3,1
DA:6,12
DA:19,12
DA:32,12
DA:42,12
DA:52,0
DA:65,12
DA:75,0
DA:85,1
DA:86,1
DA:87,1
DA:88,1
DA:89,1
DA:90,1
DA:91,1
LF:16
LH:14
BRF:0
BRH:0
end_of_record
TN:
SF:resources/js/components/ui/dropdown-menu.tsx
FN:9,DropdownMenu
FN:15,DropdownMenuPortal
FN:23,DropdownMenuTrigger
FN:34,DropdownMenuContent
FN:54,DropdownMenuGroup
FN:62,DropdownMenuItem
FN:85,DropdownMenuCheckboxItem
FN:111,DropdownMenuRadioGroup
FN:122,DropdownMenuRadioItem
FN:146,DropdownMenuLabel
FN:166,DropdownMenuSeparator
FN:179,DropdownMenuShortcut
FN:195,DropdownMenuSub
FN:201,DropdownMenuSubTrigger
FN:225,DropdownMenuSubContent
FNF:15
FNH:6
FNDA:41,DropdownMenu
FNDA:0,DropdownMenuPortal
FNDA:41,DropdownMenuTrigger
FNDA:41,DropdownMenuContent
FNDA:0,DropdownMenuGroup
FNDA:37,DropdownMenuItem
FNDA:0,DropdownMenuCheckboxItem
FNDA:0,DropdownMenuRadioGroup
FNDA:0,DropdownMenuRadioItem
FNDA:2,DropdownMenuLabel
FNDA:4,DropdownMenuSeparator
FNDA:0,DropdownMenuShortcut
FNDA:0,DropdownMenuSub
FNDA:0,DropdownMenuSubTrigger
FNDA:0,DropdownMenuSubContent
DA:3,3
DA:4,3
DA:5,3
DA:7,3
DA:12,41
DA:18,0
DA:26,41
DA:39,41
DA:57,0
DA:71,37
DA:91,0
DA:114,0
DA:127,0
DA:153,2
DA:170,4
DA:183,0
DA:198,0
DA:209,0
DA:229,0
DA:242,3
DA:243,3
DA:244,3
DA:245,3
DA:246,3
DA:247,3
DA:248,3
DA:249,3
DA:250,3
DA:251,3
DA:252,3
DA:253,3
DA:254,3
DA:255,3
DA:256,3
LF:34
LH:25
BRDA:36,0,0,41
BRDA:65,1,0,37
BRF:2
BRH:2
end_of_record
TN:
SF:resources/js/components/ui/form.tsx
FN:30,(anonymous_9)
FN:43,(anonymous_10)
FN:74,FormItem
FN:88,FormLabel
FN:105,FormControl
FN:123,FormDescription
FN:136,FormMessage
FNF:7
FNH:6
FNDA:240,(anonymous_9)
FNDA:2490,(anonymous_10)
FNDA:759,FormItem
FNDA:830,FormLabel
FNDA:830,FormControl
FNDA:0,FormDescription
FNDA:830,FormMessage
DA:1,3
DA:3,3
DA:4,3
DA:14,3
DA:15,3
DA:17,3
DA:26,3
DA:30,3
DA:36,240
DA:43,3
DA:44,2490
DA:45,2490
DA:46,2490
DA:47,2490
DA:48,2490
DA:50,2490
DA:51,0
DA:54,2490
DA:56,2490
DA:70,3
DA:75,759
DA:77,759
DA:92,830
DA:94,830
DA:106,830
DA:108,830
DA:124,0
DA:126,0
DA:137,830
DA:138,830
DA:140,830
DA:141,815
DA:144,15
DA:157,3
DA:158,3
DA:159,3
DA:160,3
DA:161,3
DA:162,3
DA:163,3
DA:164,3
LF:41
LH:38
BRDA:50,0,0,0
BRDA:50,0,1,2490
BRDA:113,1,0,815
BRDA:113,1,1,15
BRDA:138,2,0,15
BRDA:138,2,1,815
BRDA:138,3,0,15
BRDA:138,3,1,0
BRDA:140,4,0,815
BRDA:140,4,1,15
BRF:10
BRH:8
end_of_record
TN:
SF:resources/js/components/ui/input.tsx
FN:5,Input
FNF:1
FNH:1
FNDA:830,Input
DA:1,3
DA:3,3
DA:6,830
DA:21,3
LF:4
LH:4
BRF:0
BRH:0
end_of_record
TN:
SF:resources/js/components/ui/label.tsx
FN:6,Label
FNF:1
FNH:1
FNDA:830,Label
DA:1,3
DA:2,3
DA:4,3
DA:10,830
DA:22,3
LF:5
LH:5
BRF:0
BRH:0
end_of_record
TN:
SF:resources/js/components/ui/separator.tsx
FN:8,Separator
FNF:1
FNH:1
FNDA:14,Separator
DA:3,2
DA:4,2
DA:6,2
DA:14,14
DA:28,2
LF:5
LH:5
BRDA:10,0,0,0
BRDA:11,1,0,14
BRF:2
BRH:1
end_of_record
TN:
SF:resources/js/components/ui/sheet.tsx
FN:7,Sheet
FN:11,SheetTrigger
FN:17,SheetClose
FN:23,SheetPortal
FN:29,SheetOverlay
FN:45,SheetContent
FN:86,SheetHeader
FN:96,SheetFooter
FN:106,SheetTitle
FN:119,SheetDescription
FNF:10
FNH:4
FNDA:14,Sheet
FNDA:14,SheetTrigger
FNDA:0,SheetClose
FNDA:14,SheetPortal
FNDA:0,SheetOverlay
FNDA:14,SheetContent
FNDA:0,SheetHeader
FNDA:0,SheetFooter
FNDA:0,SheetTitle
FNDA:0,SheetDescription
DA:1,2
DA:2,2
DA:3,2
DA:5,2
DA:8,14
DA:14,14
DA:20,0
DA:26,14
DA:33,0
DA:55,14
DA:87,0
DA:97,0
DA:110,0
DA:123,0
DA:133,2
DA:134,2
DA:135,2
DA:136,2
DA:137,2
DA:138,2
DA:139,2
DA:140,2
LF:22
LH:16
BRDA:48,0,0,0
BRDA:49,1,0,14
BRDA:62,2,0,14
BRDA:62,2,1,0
BRDA:64,3,0,14
BRDA:64,3,1,14
BRDA:66,4,0,14
BRDA:66,4,1,0
BRDA:68,5,0,14
BRDA:68,5,1,0
BRDA:75,6,0,14
BRDA:75,6,1,14
BRF:12
BRH:8
end_of_record
TN:
SF:resources/js/layouts/AppLayout.tsx
FN:30,SidebarContent
FN:41,(anonymous_1)
FN:73,AppLayout
FN:95,(anonymous_3)
FNF:4
FNH:3
FNDA:14,SidebarContent
FNDA:42,(anonymous_1)
FNDA:14,AppLayout
FNDA:0,(anonymous_3)
DA:1,2
DA:2,2
DA:3,2
DA:11,2
DA:12,2
DA:13,2
DA:14,2
DA:15,2
DA:16,2
DA:24,2
DA:31,14
DA:33,14
DA:42,42
DA:44,42
DA:47,42
DA:73,2
DA:74,14
DA:76,14
DA:95,0
LF:19
LH:18
BRDA:44,0,0,42
BRDA:44,0,1,28
BRDA:54,1,0,14
BRDA:54,1,1,28
BRDA:91,2,0,0
BRDA:91,2,1,14
BRF:6
BRH:5
end_of_record
TN:
SF:resources/js/layouts/AuthLayout.tsx
FN:4,AuthLayout
FNF:1
FNH:1
FNDA:8,AuthLayout
DA:1,2
DA:2,2
DA:4,2
DA:5,8
LF:4
LH:4
BRF:0
BRH:0
end_of_record
TN:
SF:resources/js/lib/utils.ts
FN:4,cn
FNF:1
FNH:1
FNDA:3784,cn
DA:1,6
DA:2,6
DA:4,6
DA:5,3784
LF:4
LH:4
BRF:0
BRH:0
end_of_record
TN:
SF:resources/js/pages/auth/Login.tsx
FN:31,LoginPage
FN:33,(anonymous_10)
FN:41,(anonymous_11)
FN:46,(anonymous_12)
FN:50,(anonymous_13)
FN:56,onSubmit
FN:74,(anonymous_15)
FN:94,(anonymous_16)
FNF:8
FNH:8
FNDA:42,LoginPage
FNDA:132,(anonymous_10)
FNDA:5,(anonymous_11)
FNDA:2,(anonymous_12)
FNDA:3,(anonymous_13)
FNDA:5,onSubmit
FNDA:155,(anonymous_15)
FNDA:95,(anonymous_16)
DA:1,2
DA:2,2
DA:3,2
DA:4,2
DA:5,2
DA:6,2
DA:7,2
DA:8,2
DA:9,2
DA:17,2
DA:18,2
DA:20,2
DA:31,2
DA:32,42
DA:33,132
DA:35,42
DA:40,42
DA:42,5
DA:43,5
DA:44,2
DA:47,2
DA:48,2
DA:51,3
DA:52,3
DA:57,5
DA:60,42
DA:75,155
DA:95,95
LF:28
LH:28
BRDA:51,0,0,3
BRDA:51,0,1,1
BRDA:111,1,0,42
BRDA:111,1,1,3
BRDA:118,2,0,42
BRDA:118,2,1,0
BRF:6
BRH:5
end_of_record
TN:
SF:resources/js/pages/auth/Register.tsx
FN:27,(anonymous_9)
FN:38,RegisterPage
FN:40,(anonymous_11)
FN:48,(anonymous_12)
FN:53,(anonymous_13)
FN:57,(anonymous_14)
FN:61,(anonymous_15)
FN:74,onSubmit
FN:92,(anonymous_17)
FN:111,(anonymous_18)
FN:131,(anonymous_19)
FN:151,(anonymous_20)
FNF:12
FNH:12
FNDA:9,(anonymous_9)
FNDA:39,RegisterPage
FNDA:121,(anonymous_11)
FNDA:5,(anonymous_12)
FNDA:2,(anonymous_13)
FNDA:3,(anonymous_14)
FNDA:1,(anonymous_15)
FNDA:5,onSubmit
FNDA:149,(anonymous_17)
FNDA:182,(anonymous_18)
FNDA:121,(anonymous_19)
FNDA:122,(anonymous_20)
DA:1,2
DA:2,2
DA:3,2
DA:4,2
DA:5,2
DA:6,2
DA:7,2
DA:8,2
DA:9,2
DA:17,2
DA:18,2
DA:20,2
DA:27,9
DA:38,2
DA:39,39
DA:40,121
DA:42,39
DA:47,39
DA:49,5
DA:50,5
DA:51,2
DA:54,2
DA:55,2
DA:58,3
DA:60,3
DA:61,1
DA:62,1
DA:67,2
DA:75,5
DA:78,39
DA:93,149
DA:112,182
DA:132,121
DA:152,122
LF:34
LH:34
BRDA:60,0,0,1
BRDA:60,0,1,2
BRDA:68,1,0,2
BRDA:68,1,1,0
BRDA:168,2,0,39
BRDA:168,2,1,2
BRDA:175,3,0,39
BRDA:175,3,1,0
BRF:8
BRH:6
end_of_record
TN:
SF:resources/js/pages/dashboard/Dashboard.tsx
FN:33,DashboardPage
FN:34,(anonymous_1)
FN:48,(anonymous_2)
FNF:3
FNH:3
FNDA:4,DashboardPage
FNDA:14,(anonymous_1)
FNDA:12,(anonymous_2)
DA:1,1
DA:2,1
DA:3,1
DA:12,1
DA:33,1
DA:34,14
DA:36,4
DA:49,12
DA:50,12
LF:9
LH:9
BRDA:40,0,0,4
BRDA:40,0,1,0
BRF:2
BRH:1
end_of_record
TN:
SF:resources/js/router/index.tsx
FN:10,PrivateRoute
FN:11,(anonymous_1)
FN:15,PublicRoute
FN:16,(anonymous_3)
FN:20,AppRouter
FNF:5
FNH:5
FNDA:6,PrivateRoute
FNDA:21,(anonymous_1)
FNDA:6,PublicRoute
FNDA:20,(anonymous_3)
FNDA:8,AppRouter
DA:1,1
DA:2,1
DA:3,1
DA:4,1
DA:5,1
DA:6,1
DA:7,1
DA:11,21
DA:12,6
DA:16,20
DA:17,6
DA:20,1
DA:21,8
LF:13
LH:13
BRDA:12,0,0,4
BRDA:12,0,1,2
BRDA:17,1,0,2
BRDA:17,1,1,4
BRF:4
BRH:4
end_of_record
TN:
SF:resources/js/stores/auth.store.ts
FN:19,(anonymous_0)
FN:22,(anonymous_1)
FN:23,(anonymous_2)
FN:27,(anonymous_3)
FNF:4
FNH:4
FNDA:5,(anonymous_0)
FNDA:10,(anonymous_1)
FNDA:3,(anonymous_2)
FNDA:67,(anonymous_3)
DA:1,5
DA:2,5
DA:17,5
DA:19,5
DA:22,10
DA:23,3
DA:27,67
LF:7
LH:7
BRF:0
BRH:0
end_of_record
TN:
SF:resources/js/stores/theme.store.ts
FN:11,applyTheme
FN:22,(anonymous_1)
FN:24,(anonymous_2)
FNF:3
FNH:3
FNDA:15,applyTheme
FNDA:4,(anonymous_1)
FNDA:9,(anonymous_2)
DA:1,4
DA:2,4
DA:12,15
DA:13,15
DA:14,15
DA:16,15
DA:17,15
DA:20,4
DA:22,4
DA:25,9
DA:26,9
DA:33,4
LF:12
LH:12
BRDA:14,0,0,15
BRDA:14,0,1,10
BRDA:14,0,2,4
BRDA:17,1,0,6
BRDA:17,1,1,9
BRF:5
BRH:5
end_of_record
TN:
SF:resources/js/tests/helpers/renderWithProviders.tsx
FN:10,createTestQueryClient
FN:19,renderWithProviders
FN:25,Wrapper
FNF:3
FNH:3
FNDA:34,createTestQueryClient
FNDA:34,renderWithProviders
FNDA:34,Wrapper
DA:2,3
DA:3,3
DA:4,3
DA:10,3
DA:11,34
DA:19,3
DA:23,34
DA:26,34
DA:33,34
LF:9
LH:9
BRDA:21,0,0,34
BRF:1
BRH:1
end_of_record
